


materialPath: C:\Program Files (x86)\Steam\steamapps\common\GarrysMod\garrysmod\materials
Loading C:\Users\user\Documents\GitHub\rp_bangclaw.vmf-fix-\fix v2 map YELLOW (CHECK REAMDE)\rp_bangclaw_yellow.vmf
Can't find surfaceprop panel for material METAL/PRODVENTA, using default
Patching WVT material: maps/rp_bangclaw_yellow/nature/blendsandsand008b_antlion_wvt_patch
Patching WVT material: maps/rp_bangclaw_yellow/nature/blendsandgrass008a_wvt_patch
Patching WVT material: maps/rp_bangclaw_yellow/nature/blenddirtgrass006a_wvt_patch
Patching WVT material: maps/rp_bangclaw_yellow/nature/blenddirtmud003a_wvt_patch
Patching WVT material: maps/rp_bangclaw_yellow/nature/blendmudmud001a_wvt_patch
Patching WVT material: maps/rp_bangclaw_yellow/nature/blendrocksand008d_wvt_patch
fixing up env_cubemap materials on brush sides...
Material glass/glasswindowbreak070b is depending on itself through materialvar $crackmaterial! Ignoring...
Material glass/glasswindowbreak070b is depending on itself through materialvar $crackmaterial! Ignoring...
ProcessBlock_Thread: 0...1...2...3...4...5...6...7...8...9...10 (0)
ProcessBlock_Thread: 0...1...2...3...4...5...6...7...8...9...10 (1)
Processing areas...done (0)
Building Faces...done (0)
Chop Details...done (0)
Find Visible Detail Sides...
Merged 1724 detail faces...done (0)
Merging details...done (1)
FixTjuncs...
PruneNodes...
WriteBSP...
done (2)
writing C:\Users\user\Documents\GitHub\rp_bangclaw.vmf-fix-\fix v2 map YELLOW (CHECK REAMDE)\rp_bangclaw_yellow.prt...
Building visibility clusters...
done (0)
Creating default LDR cubemaps for env_cubemap using skybox materials:
   skybox/militia_hdr*.vmt
 ! Run buildcubemaps in the engine to get the correct cube maps.
Creating default HDR cubemaps for env_cubemap using skybox materials:
   skybox/militia_hdr*.vmt
 ! Run buildcubemaps in the engine to get the correct cube maps.
Finding displacement neighbors...
Found a displacement edge abutting multiple other edges.
Finding lightmap sample positions...
Displacement Alpha : 0...1...2...3...4...5...6...7...8...9...10
Building Physics collision data...
WARNING: Map using power 4 displacements, terrain physics cannot be compressed, map will need additional memory and CPU.
done (1) (5590044 bytes)
Placing detail props : 0...1...2...3...4...5...6...7...8...9...10
Compacting texture/material tables...
Reduced 4401 texinfos to 2940
Reduced 529 texdatas to 447 (18715 bytes to 15749)
Writing C:\Users\user\Documents\GitHub\rp_bangclaw.vmf-fix-\fix v2 map YELLOW (CHECK REAMDE)\rp_bangclaw_yellow.bsp
8 seconds elapsed



12 threads
reading c:\users\user\documents\github\rp_bangclaw.vmf-fix-\fix v2 map yellow (check reamde)\rp_bangclaw_yellow.bsp
reading c:\users\user\documents\github\rp_bangclaw.vmf-fix-\fix v2 map yellow (check reamde)\rp_bangclaw_yellow.prt
3992 portalclusters
10538 numportals
BasePortalVis:       0...1...2...3...4...5...6...7...8...9...10 (0)
Optimized: 568566 visible clusters (7.64%)
Total clusters visible: 7443606
Average clusters visible: 1864
Building PAS...
Average clusters audible: 3109
visdatasize:3322929  compressed from 4023936
writing c:\users\user\documents\github\rp_bangclaw.vmf-fix-\fix v2 map yellow (check reamde)\rp_bangclaw_yellow.bsp
1 second elapsed



[Reading texlights from 'lights.rad']
[45 texlights parsed from 'lights.rad']

Loading c:\users\user\documents\github\rp_bangclaw.vmf-fix-\fix v2 map yellow (check reamde)\rp_bangclaw_yellow.bsp
PREP OK
26096 faces
1 degenerate faces
3374913 square feet [485987456.00 square inches]
447 Displacements
91954 Square Feet [13241428.00 Square Inches]
26095 patches before subdivision
26095 patches after subdivision
790 direct lights
BuildFacelights:     0...1...2...3...4...5...6...7...8...9...10 (11)
BuildVisLeafs:       0...1...2...3...4...5...6...7...8...9...10 (6)
transfers 4258968, max 3490
transfer lists:  32.5 megs
GatherLight:         0...1...2...3...4...5...6...7...8...9...10 (0)
	Bounce #1 added RGB(293575, 263247, 155080)
GatherLight:         0...1...2...3...4...5...6...7...8...9...10 (0)
	Bounce #2 added RGB(46309, 37046, 19899)
GatherLight:         0...1...2...3...4...5...6...7...8...9...10 (0)
	Bounce #3 added RGB(9986, 7631, 4193)
GatherLight:         0...1...2...3...4...5...6...7...8...9...10 (0)
	Bounce #4 added RGB(2681, 2029, 1219)
GatherLight:         0...1...2...3...4...5...6...7...8...9...10 (0)
	Bounce #5 added RGB(814, 626, 416)
GatherLight:         0...1...2...3...4...5...6...7...8...9...10 (0)
	Bounce #6 added RGB(277, 219, 157)
GatherLight:         0...1...2...3...4...5...6...7...8...9...10 (0)
	Bounce #7 added RGB(101, 82, 62)
GatherLight:         0...1...2...3...4...5...6...7...8...9...10 (0)
	Bounce #8 added RGB(39, 33, 26)
GatherLight:         0...1...2...3...4...5...6...7...8...9...10 (0)
	Bounce #9 added RGB(16, 13, 11)
GatherLight:         0...1...2...3...4...5...6...7...8...9...10 (0)
	Bounce #10 added RGB(6, 6, 5)
GatherLight:         0...1...2...3...4...5...6...7...8...9...10 (0)
	Bounce #11 added RGB(3, 2, 2)
GatherLight:         0...1...2...3...4...5...6...7...8...9...10 (0)
	Bounce #12 added RGB(1, 1, 1)
GatherLight:         0...1...2...3...4...5...6...7...8...9...10 (0)
	Bounce #13 added RGB(1, 0, 0)
Build Patch/Sample Hash Table(s).....Done<0.0710 sec>
FinalLightFace:      0...1...2...3...4...5...6...7...8...9...10 (4)
FinalLightFace Done
Computing detail prop lighting : 0...1...2...3...4...5...6...7...8...9...10
0 of 0 (0% of) surface lights went in leaf ambient cubes.
ThreadComputeLeafAmbient: 0...1...2...3...4...5...6...7...8...9...10 (17)
Writing leaf ambient...done
Ready to Finish

Object names       Objects/Maxobjs  Memory / Maxmem  Fullness 
------------       ---------------  ---------------  -------- 
models                 225/4096        10800/196608   ( 5.5%) 
brushes               7633/65535       91596/786420   (11.6%) 
brushsides           54503/655350     436024/5242800  ( 8.3%) 
planes               19278/65536      385560/1310720  (29.4%) 
vertexes             44524/65536      534288/786432   (67.9%) 
nodes                11533/65536      369056/2097152  (17.6%) 
texinfos              2940/16384      211680/1179648  (17.9%) 
texdata                447/8192        14304/262144   ( 5.5%) 
dispinfos              447/0           78672/0        ( 0.0%) 
disp_verts           17263/0          345260/0        ( 0.0%) 
disp_tris            24768/0           49536/0        ( 0.0%) 
disp_lmsamples      284409/0          284409/0        ( 0.0%) 
faces                26096/65536     1461376/3670016  (39.8%) 
hdr faces                0/65536           0/3670016  ( 0.0%) 
origfaces            18698/65536     1047088/3670016  (28.5%) 
leaves               11759/65536      376288/2097152  (17.9%) 
leaffaces            33143/65536       66286/131072   (50.6%) 
leafbrushes          25861/65536       51722/131072   (39.5%) 
areas                    3/1024           24/8192     ( 0.3%) 
surfedges           201501/512000     806004/2048000  (39.4%) 
edges               129138/256000     516552/1024000  (50.4%) 
LDR worldlights        789/8192        69432/720896   ( 9.6%) 
HDR worldlights          0/8192            0/720896   ( 0.0%) 
leafwaterdata           10/32768         120/393216   ( 0.0%) 
waterstrips           2989/32768       29890/327680   ( 9.1%) 
waterverts               0/65536           0/786432   ( 0.0%) 
waterindices         55083/65536      110166/131072   (84.0%) VERY FULL!
cubemapsamples           4/1024           64/16384    ( 0.4%) 
overlays               423/8192       148896/2883584  ( 5.2%) 
LDR lightdata         [variable]    13876712/0        ( 0.0%) 
HDR lightdata         [variable]           0/0        ( 0.0%) 
visdata               [variable]     3322929/16777216 (19.8%) 
entdata               [variable]      557688/393216   (141.8%) VERY FULL!
LDR ambient table    11759/65536       47036/262144   (17.9%) 
HDR ambient table    11759/65536       47036/262144   (17.9%) 
LDR leaf ambient     45619/65536     1277332/1835008  (69.6%) 
HDR leaf ambient     11759/65536      329252/1835008  (17.9%) 
occluders                0/0               0/0        ( 0.0%) 
occluder polygons        0/0               0/0        ( 0.0%) 
occluder vert ind        0/0               0/0        ( 0.0%) 
detail props          [variable]           1/15720    ( 0.0%) 
dtl prp lght          [variable]           1/24       ( 4.2%) 
HDR dtl prp lght      [variable]           1/4        (25.0%) 
static props          [variable]           1/75512    ( 0.0%) 
pakfile               [variable]      430308/0        ( 0.0%) 
physics               [variable]     5590044/4194304  (133.3%) VERY FULL!
physics terrain       [variable]           0/1048576  ( 0.0%) 

Level flags = 0

Total triangle count: 74497
Writing c:\users\user\documents\github\rp_bangclaw.vmf-fix-\fix v2 map yellow (check reamde)\rp_bangclaw_yellow.bsp
40 seconds elapsed
